<?xml version="1.0" encoding="UTF-8"?>
<!-- Generated by org.testng.reporters.JUnitReportReporter -->
<testsuite hostname="LAPTOP-LVQMFI1G" failures="0" tests="1" name="testng.SampleTestNg" time="0.007" errors="0" timestamp="2023-11-08T09:36:25 IST" skipped="0">
  <testcase classname="testng.SampleTestNg" name="demo" time="0.007"/>
  <system-out/>
</testsuite> <!-- testng.SampleTestNg -->
