<?xml version="1.0" encoding="UTF-8"?>
<!-- Generated by org.testng.reporters.JUnitReportReporter -->
<testsuite hostname="LAPTOP-LVQMFI1G" failures="0" tests="1" name="testng.GeneratingReports" time="52.561" errors="0" timestamp="2023-11-11T10:19:33 IST" skipped="0">
  <testcase classname="testng.GeneratingReports" name="testCase" time="52.561"/>
  <system-out>
    <![CDATA[browser is launched
window is maximized
navigation to application
browser is closed]]>
  </system-out>
</testsuite> <!-- testng.GeneratingReports -->
