<?xml version="1.0" encoding="UTF-8"?>
<!-- Generated by org.testng.reporters.JUnitReportReporter -->
<testsuite hostname="LAPTOP-LVQMFI1G" failures="0" tests="5" name="testng.InvocationCountAndThreadPoolSize" time="10.077" errors="0" timestamp="2023-11-10T09:36:25 IST" skipped="0">
  <testcase classname="testng.InvocationCountAndThreadPoolSize" name="login" time="2.167"/>
  <system-out/>
  <testcase classname="testng.InvocationCountAndThreadPoolSize" name="login" time="2.135"/>
  <system-out/>
  <testcase classname="testng.InvocationCountAndThreadPoolSize" name="login" time="2.289"/>
  <system-out/>
  <testcase classname="testng.InvocationCountAndThreadPoolSize" name="login" time="1.736"/>
  <system-out/>
  <testcase classname="testng.InvocationCountAndThreadPoolSize" name="login" time="1.750"/>
  <system-out/>
</testsuite> <!-- testng.InvocationCountAndThreadPoolSize -->
