<?xml version="1.0" encoding="UTF-8"?>
<!-- Generated by org.testng.reporters.JUnitReportReporter -->
<testsuite hostname="LAPTOP-LVQMFI1G" failures="0" tests="4" name="testng.ConfigurationAnnotation" time="0.018" errors="0" timestamp="2023-11-11T09:40:13 IST" skipped="0">
  <testcase classname="testng.ConfigurationAnnotation" name="method1" time="0.007"/>
  <system-out/>
  <testcase classname="testng.ConfigurationAnnotation" name="method4" time="0.003"/>
  <system-out/>
  <testcase classname="testng.ConfigurationAnnotation" name="method2" time="0.004"/>
  <system-out/>
  <testcase classname="testng.ConfigurationAnnotation" name="method3" time="0.004"/>
  <system-out/>
</testsuite> <!-- testng.ConfigurationAnnotation -->
