<?xml version="1.0" encoding="UTF-8"?>
<!-- Generated by org.testng.reporters.JUnitReportReporter -->
<testsuite hostname="LAPTOP-LVQMFI1G" failures="0" tests="3" name="testng.DemonstrationDependsOnMethod" time="0.019" errors="0" timestamp="2023-11-10T10:26:34 IST" skipped="0">
  <testcase classname="testng.DemonstrationDependsOnMethod" name="logout" time="0.003"/>
  <system-out/>
  <testcase classname="testng.DemonstrationDependsOnMethod" name="login" time="0.012"/>
  <system-out/>
  <testcase classname="testng.DemonstrationDependsOnMethod" name="home" time="0.004"/>
  <system-out/>
</testsuite> <!-- testng.DemonstrationDependsOnMethod -->
