<?xml version="1.0" encoding="UTF-8"?>
<!-- Generated by org.testng.reporters.JUnitReportReporter -->
<testsuite hostname="LAPTOP-LVQMFI1G" failures="0" tests="1" name="testng.DemoForParameter" time="0.010" errors="0" timestamp="2023-11-10T10:25:28 IST" skipped="0">
  <testcase classname="testng.DemoForParameter" name="demo" time="0.010"/>
  <system-out/>
</testsuite> <!-- testng.DemoForParameter -->
