<?xml version="1.0" encoding="UTF-8"?>
<!-- Generated by org.testng.reporters.JUnitReportReporter -->
<testsuite hostname="LAPTOP-LVQMFI1G" failures="0" tests="1" name="testng.ListenerClass" time="0.007" errors="0" timestamp="2023-11-13T10:30:31 IST" skipped="0">
  <testcase classname="testng.ListenerClass" name="sample" time="0.007"/>
  <system-out/>
</testsuite> <!-- testng.ListenerClass -->
